<?xml version="1.0" encoding="UTF-8"?>
<testsuite xmlns:xsi="http://www.w3.org/2001/XMLSchema-instance" xsi:noNamespaceSchemaLocation="https://maven.apache.org/surefire/maven-surefire-plugin/xsd/surefire-test-report-3.0.xsd" version="3.0" name="com.example.swaggeragent.controller.ChatControllerTest" time="1.628" tests="2" errors="0" skipped="0" failures="0">
  <properties>
    <property name="java.specification.version" value="21"/>
    <property name="sun.jnu.encoding" value="UTF-8"/>
    <property name="java.class.path" value="/Users/cesarschutz/Downloads/novooo/swagger-agent/target/test-classes:/Users/cesarschutz/Downloads/novooo/swagger-agent/target/classes:/Users/cesarschutz/.m2/repository/org/springframework/boot/spring-boot-starter-web/3.2.3/spring-boot-starter-web-3.2.3.jar:/Users/cesarschutz/.m2/repository/org/springframework/boot/spring-boot-starter/3.2.3/spring-boot-starter-3.2.3.jar:/Users/cesarschutz/.m2/repository/org/springframework/boot/spring-boot/3.2.3/spring-boot-3.2.3.jar:/Users/cesarschutz/.m2/repository/org/springframework/boot/spring-boot-autoconfigure/3.2.3/spring-boot-autoconfigure-3.2.3.jar:/Users/cesarschutz/.m2/repository/org/springframework/boot/spring-boot-starter-logging/3.2.3/spring-boot-starter-logging-3.2.3.jar:/Users/cesarschutz/.m2/repository/ch/qos/logback/logback-classic/1.4.14/logback-classic-1.4.14.jar:/Users/cesarschutz/.m2/repository/ch/qos/logback/logback-core/1.4.14/logback-core-1.4.14.jar:/Users/cesarschutz/.m2/repository/org/apache/logging/log4j/log4j-to-slf4j/2.21.1/log4j-to-slf4j-2.21.1.jar:/Users/cesarschutz/.m2/repository/org/apache/logging/log4j/log4j-api/2.21.1/log4j-api-2.21.1.jar:/Users/cesarschutz/.m2/repository/org/slf4j/jul-to-slf4j/2.0.12/jul-to-slf4j-2.0.12.jar:/Users/cesarschutz/.m2/repository/jakarta/annotation/jakarta.annotation-api/2.1.1/jakarta.annotation-api-2.1.1.jar:/Users/cesarschutz/.m2/repository/org/springframework/boot/spring-boot-starter-json/3.2.3/spring-boot-starter-json-3.2.3.jar:/Users/cesarschutz/.m2/repository/com/fasterxml/jackson/core/jackson-databind/2.15.4/jackson-databind-2.15.4.jar:/Users/cesarschutz/.m2/repository/com/fasterxml/jackson/core/jackson-core/2.15.4/jackson-core-2.15.4.jar:/Users/cesarschutz/.m2/repository/com/fasterxml/jackson/datatype/jackson-datatype-jdk8/2.15.4/jackson-datatype-jdk8-2.15.4.jar:/Users/cesarschutz/.m2/repository/com/fasterxml/jackson/datatype/jackson-datatype-jsr310/2.15.4/jackson-datatype-jsr310-2.15.4.jar:/Users/cesarschutz/.m2/repository/com/fasterxml/jackson/module/jackson-module-parameter-names/2.15.4/jackson-module-parameter-names-2.15.4.jar:/Users/cesarschutz/.m2/repository/org/springframework/boot/spring-boot-starter-tomcat/3.2.3/spring-boot-starter-tomcat-3.2.3.jar:/Users/cesarschutz/.m2/repository/org/apache/tomcat/embed/tomcat-embed-core/10.1.19/tomcat-embed-core-10.1.19.jar:/Users/cesarschutz/.m2/repository/org/apache/tomcat/embed/tomcat-embed-websocket/10.1.19/tomcat-embed-websocket-10.1.19.jar:/Users/cesarschutz/.m2/repository/org/springframework/spring-web/6.1.4/spring-web-6.1.4.jar:/Users/cesarschutz/.m2/repository/org/springframework/spring-beans/6.1.4/spring-beans-6.1.4.jar:/Users/cesarschutz/.m2/repository/io/micrometer/micrometer-observation/1.12.3/micrometer-observation-1.12.3.jar:/Users/cesarschutz/.m2/repository/io/micrometer/micrometer-commons/1.12.3/micrometer-commons-1.12.3.jar:/Users/cesarschutz/.m2/repository/org/springframework/spring-webmvc/6.1.4/spring-webmvc-6.1.4.jar:/Users/cesarschutz/.m2/repository/org/springframework/spring-aop/6.1.4/spring-aop-6.1.4.jar:/Users/cesarschutz/.m2/repository/org/springframework/spring-context/6.1.4/spring-context-6.1.4.jar:/Users/cesarschutz/.m2/repository/org/springframework/spring-expression/6.1.4/spring-expression-6.1.4.jar:/Users/cesarschutz/.m2/repository/org/springframework/ai/spring-ai-openai-spring-boot-starter/1.0.0-M4/spring-ai-openai-spring-boot-starter-1.0.0-M4.jar:/Users/cesarschutz/.m2/repository/org/springframework/ai/spring-ai-spring-boot-autoconfigure/1.0.0-M4/spring-ai-spring-boot-autoconfigure-1.0.0-M4.jar:/Users/cesarschutz/.m2/repository/org/springframework/ai/spring-ai-openai/1.0.0-M4/spring-ai-openai-1.0.0-M4.jar:/Users/cesarschutz/.m2/repository/org/springframework/ai/spring-ai-core/1.0.0-M4/spring-ai-core-1.0.0-M4.jar:/Users/cesarschutz/.m2/repository/com/fasterxml/jackson/module/jackson-module-jsonSchema/2.15.4/jackson-module-jsonSchema-2.15.4.jar:/Users/cesarschutz/.m2/repository/javax/validation/validation-api/1.1.0.Final/validation-api-1.1.0.Final.jar:/Users/cesarschutz/.m2/repository/io/swagger/core/v3/swagger-annotations/2.2.20/swagger-annotations-2.2.20.jar:/Users/cesarschutz/.m2/repository/com/github/victools/jsonschema-module-swagger-2/4.35.0/jsonschema-module-swagger-2-4.35.0.jar:/Users/cesarschutz/.m2/repository/org/antlr/ST4/4.3.4/ST4-4.3.4.jar:/Users/cesarschutz/.m2/repository/org/antlr/antlr-runtime/3.5.3/antlr-runtime-3.5.3.jar:/Users/cesarschutz/.m2/repository/org/antlr/antlr4-runtime/4.13.1/antlr4-runtime-4.13.1.jar:/Users/cesarschutz/.m2/repository/org/springframework/spring-messaging/6.1.4/spring-messaging-6.1.4.jar:/Users/cesarschutz/.m2/repository/io/micrometer/micrometer-core/1.12.3/micrometer-core-1.12.3.jar:/Users/cesarschutz/.m2/repository/org/hdrhistogram/HdrHistogram/2.1.12/HdrHistogram-2.1.12.jar:/Users/cesarschutz/.m2/repository/org/latencyutils/LatencyUtils/2.0.3/LatencyUtils-2.0.3.jar:/Users/cesarschutz/.m2/repository/io/micrometer/context-propagation/1.1.1/context-propagation-1.1.1.jar:/Users/cesarschutz/.m2/repository/com/knuddels/jtokkit/1.1.0/jtokkit-1.1.0.jar:/Users/cesarschutz/.m2/repository/org/springframework/ai/spring-ai-retry/1.0.0-M4/spring-ai-retry-1.0.0-M4.jar:/Users/cesarschutz/.m2/repository/org/springframework/retry/spring-retry/2.0.5/spring-retry-2.0.5.jar:/Users/cesarschutz/.m2/repository/org/springframework/spring-webflux/6.1.4/spring-webflux-6.1.4.jar:/Users/cesarschutz/.m2/repository/io/rest-assured/json-path/5.3.2/json-path-5.3.2.jar:/Users/cesarschutz/.m2/repository/org/apache/groovy/groovy-json/4.0.18/groovy-json-4.0.18.jar:/Users/cesarschutz/.m2/repository/org/apache/groovy/groovy/4.0.18/groovy-4.0.18.jar:/Users/cesarschutz/.m2/repository/io/rest-assured/rest-assured-common/5.3.2/rest-assured-common-5.3.2.jar:/Users/cesarschutz/.m2/repository/com/github/victools/jsonschema-generator/4.31.1/jsonschema-generator-4.31.1.jar:/Users/cesarschutz/.m2/repository/com/github/victools/jsonschema-module-jackson/4.31.1/jsonschema-module-jackson-4.31.1.jar:/Users/cesarschutz/.m2/repository/org/springframework/spring-context-support/6.1.4/spring-context-support-6.1.4.jar:/Users/cesarschutz/.m2/repository/org/springframework/boot/spring-boot-starter-test/3.2.3/spring-boot-starter-test-3.2.3.jar:/Users/cesarschutz/.m2/repository/org/springframework/boot/spring-boot-test/3.2.3/spring-boot-test-3.2.3.jar:/Users/cesarschutz/.m2/repository/org/springframework/boot/spring-boot-test-autoconfigure/3.2.3/spring-boot-test-autoconfigure-3.2.3.jar:/Users/cesarschutz/.m2/repository/com/jayway/jsonpath/json-path/2.9.0/json-path-2.9.0.jar:/Users/cesarschutz/.m2/repository/org/slf4j/slf4j-api/2.0.12/slf4j-api-2.0.12.jar:/Users/cesarschutz/.m2/repository/jakarta/xml/bind/jakarta.xml.bind-api/4.0.1/jakarta.xml.bind-api-4.0.1.jar:/Users/cesarschutz/.m2/repository/jakarta/activation/jakarta.activation-api/2.1.2/jakarta.activation-api-2.1.2.jar:/Users/cesarschutz/.m2/repository/net/minidev/json-smart/2.5.0/json-smart-2.5.0.jar:/Users/cesarschutz/.m2/repository/net/minidev/accessors-smart/2.5.0/accessors-smart-2.5.0.jar:/Users/cesarschutz/.m2/repository/org/ow2/asm/asm/9.3/asm-9.3.jar:/Users/cesarschutz/.m2/repository/org/assertj/assertj-core/3.24.2/assertj-core-3.24.2.jar:/Users/cesarschutz/.m2/repository/net/bytebuddy/byte-buddy/1.14.12/byte-buddy-1.14.12.jar:/Users/cesarschutz/.m2/repository/org/awaitility/awaitility/4.2.0/awaitility-4.2.0.jar:/Users/cesarschutz/.m2/repository/org/hamcrest/hamcrest/2.2/hamcrest-2.2.jar:/Users/cesarschutz/.m2/repository/org/junit/jupiter/junit-jupiter/5.10.2/junit-jupiter-5.10.2.jar:/Users/cesarschutz/.m2/repository/org/junit/jupiter/junit-jupiter-api/5.10.2/junit-jupiter-api-5.10.2.jar:/Users/cesarschutz/.m2/repository/org/opentest4j/opentest4j/1.3.0/opentest4j-1.3.0.jar:/Users/cesarschutz/.m2/repository/org/junit/platform/junit-platform-commons/1.10.2/junit-platform-commons-1.10.2.jar:/Users/cesarschutz/.m2/repository/org/apiguardian/apiguardian-api/1.1.2/apiguardian-api-1.1.2.jar:/Users/cesarschutz/.m2/repository/org/junit/jupiter/junit-jupiter-params/5.10.2/junit-jupiter-params-5.10.2.jar:/Users/cesarschutz/.m2/repository/org/junit/jupiter/junit-jupiter-engine/5.10.2/junit-jupiter-engine-5.10.2.jar:/Users/cesarschutz/.m2/repository/org/junit/platform/junit-platform-engine/1.10.2/junit-platform-engine-1.10.2.jar:/Users/cesarschutz/.m2/repository/org/mockito/mockito-core/5.7.0/mockito-core-5.7.0.jar:/Users/cesarschutz/.m2/repository/net/bytebuddy/byte-buddy-agent/1.14.12/byte-buddy-agent-1.14.12.jar:/Users/cesarschutz/.m2/repository/org/objenesis/objenesis/3.3/objenesis-3.3.jar:/Users/cesarschutz/.m2/repository/org/mockito/mockito-junit-jupiter/5.7.0/mockito-junit-jupiter-5.7.0.jar:/Users/cesarschutz/.m2/repository/org/skyscreamer/jsonassert/1.5.1/jsonassert-1.5.1.jar:/Users/cesarschutz/.m2/repository/com/vaadin/external/google/android-json/0.0.20131108.vaadin1/android-json-0.0.20131108.vaadin1.jar:/Users/cesarschutz/.m2/repository/org/springframework/spring-core/6.1.4/spring-core-6.1.4.jar:/Users/cesarschutz/.m2/repository/org/springframework/spring-jcl/6.1.4/spring-jcl-6.1.4.jar:/Users/cesarschutz/.m2/repository/org/springframework/spring-test/6.1.4/spring-test-6.1.4.jar:/Users/cesarschutz/.m2/repository/org/xmlunit/xmlunit-core/2.9.1/xmlunit-core-2.9.1.jar:/Users/cesarschutz/.m2/repository/org/springframework/boot/spring-boot-starter-validation/3.2.3/spring-boot-starter-validation-3.2.3.jar:/Users/cesarschutz/.m2/repository/org/apache/tomcat/embed/tomcat-embed-el/10.1.19/tomcat-embed-el-10.1.19.jar:/Users/cesarschutz/.m2/repository/org/hibernate/validator/hibernate-validator/8.0.1.Final/hibernate-validator-8.0.1.Final.jar:/Users/cesarschutz/.m2/repository/org/jboss/logging/jboss-logging/3.5.3.Final/jboss-logging-3.5.3.Final.jar:/Users/cesarschutz/.m2/repository/com/fasterxml/classmate/1.6.0/classmate-1.6.0.jar:/Users/cesarschutz/.m2/repository/jakarta/validation/jakarta.validation-api/3.0.2/jakarta.validation-api-3.0.2.jar:/Users/cesarschutz/.m2/repository/io/swagger/parser/v3/swagger-parser/2.1.19/swagger-parser-2.1.19.jar:/Users/cesarschutz/.m2/repository/io/swagger/parser/v3/swagger-parser-v2-converter/2.1.19/swagger-parser-v2-converter-2.1.19.jar:/Users/cesarschutz/.m2/repository/io/swagger/swagger-core/1.6.12/swagger-core-1.6.12.jar:/Users/cesarschutz/.m2/repository/org/apache/commons/commons-lang3/3.13.0/commons-lang3-3.13.0.jar:/Users/cesarschutz/.m2/repository/io/swagger/swagger-models/1.6.12/swagger-models-1.6.12.jar:/Users/cesarschutz/.m2/repository/io/swagger/swagger-annotations/1.6.12/swagger-annotations-1.6.12.jar:/Users/cesarschutz/.m2/repository/com/google/guava/guava/32.1.3-android/guava-32.1.3-android.jar:/Users/cesarschutz/.m2/repository/com/google/guava/failureaccess/1.0.1/failureaccess-1.0.1.jar:/Users/cesarschutz/.m2/repository/com/google/guava/listenablefuture/9999.0-empty-to-avoid-conflict-with-guava/listenablefuture-9999.0-empty-to-avoid-conflict-with-guava.jar:/Users/cesarschutz/.m2/repository/com/google/code/findbugs/jsr305/3.0.2/jsr305-3.0.2.jar:/Users/cesarschutz/.m2/repository/org/checkerframework/checker-qual/3.37.0/checker-qual-3.37.0.jar:/Users/cesarschutz/.m2/repository/com/google/errorprone/error_prone_annotations/2.21.1/error_prone_annotations-2.21.1.jar:/Users/cesarschutz/.m2/repository/com/google/j2objc/j2objc-annotations/2.8/j2objc-annotations-2.8.jar:/Users/cesarschutz/.m2/repository/io/swagger/swagger-parser/1.0.68/swagger-parser-1.0.68.jar:/Users/cesarschutz/.m2/repository/io/swagger/swagger-compat-spec-parser/1.0.68/swagger-compat-spec-parser-1.0.68.jar:/Users/cesarschutz/.m2/repository/com/github/java-json-tools/json-schema-validator/2.2.14/json-schema-validator-2.2.14.jar:/Users/cesarschutz/.m2/repository/com/github/java-json-tools/jackson-coreutils-equivalence/1.0/jackson-coreutils-equivalence-1.0.jar:/Users/cesarschutz/.m2/repository/com/github/java-json-tools/json-schema-core/1.2.14/json-schema-core-1.2.14.jar:/Users/cesarschutz/.m2/repository/com/github/java-json-tools/uri-template/0.10/uri-template-0.10.jar:/Users/cesarschutz/.m2/repository/org/mozilla/rhino/1.7.7.2/rhino-1.7.7.2.jar:/Users/cesarschutz/.m2/repository/joda-time/joda-time/2.10.5/joda-time-2.10.5.jar:/Users/cesarschutz/.m2/repository/com/googlecode/libphonenumber/libphonenumber/8.11.1/libphonenumber-8.11.1.jar:/Users/cesarschutz/.m2/repository/net/sf/jopt-simple/jopt-simple/5.0.4/jopt-simple-5.0.4.jar:/Users/cesarschutz/.m2/repository/com/github/java-json-tools/json-patch/1.13/json-patch-1.13.jar:/Users/cesarschutz/.m2/repository/com/github/java-json-tools/msg-simple/1.2/msg-simple-1.2.jar:/Users/cesarschutz/.m2/repository/com/github/java-json-tools/btf/1.3/btf-1.3.jar:/Users/cesarschutz/.m2/repository/com/github/java-json-tools/jackson-coreutils/2.0/jackson-coreutils-2.0.jar:/Users/cesarschutz/.m2/repository/org/apache/httpcomponents/httpclient/4.5.14/httpclient-4.5.14.jar:/Users/cesarschutz/.m2/repository/org/apache/httpcomponents/httpcore/4.4.16/httpcore-4.4.16.jar:/Users/cesarschutz/.m2/repository/commons-logging/commons-logging/1.2/commons-logging-1.2.jar:/Users/cesarschutz/.m2/repository/commons-codec/commons-codec/1.16.1/commons-codec-1.16.1.jar:/Users/cesarschutz/.m2/repository/io/swagger/core/v3/swagger-models/2.2.19/swagger-models-2.2.19.jar:/Users/cesarschutz/.m2/repository/io/swagger/parser/v3/swagger-parser-core/2.1.19/swagger-parser-core-2.1.19.jar:/Users/cesarschutz/.m2/repository/io/swagger/parser/v3/swagger-parser-v3/2.1.19/swagger-parser-v3-2.1.19.jar:/Users/cesarschutz/.m2/repository/io/swagger/core/v3/swagger-core/2.2.19/swagger-core-2.2.19.jar:/Users/cesarschutz/.m2/repository/io/swagger/parser/v3/swagger-parser-safe-url-resolver/2.1.19/swagger-parser-safe-url-resolver-2.1.19.jar:/Users/cesarschutz/.m2/repository/com/fasterxml/jackson/core/jackson-annotations/2.15.4/jackson-annotations-2.15.4.jar:/Users/cesarschutz/.m2/repository/com/fasterxml/jackson/dataformat/jackson-dataformat-yaml/2.15.4/jackson-dataformat-yaml-2.15.4.jar:/Users/cesarschutz/.m2/repository/org/yaml/snakeyaml/2.2/snakeyaml-2.2.jar:/Users/cesarschutz/.m2/repository/commons-io/commons-io/2.15.0/commons-io-2.15.0.jar:/Users/cesarschutz/.m2/repository/io/projectreactor/netty/reactor-netty-http/1.1.16/reactor-netty-http-1.1.16.jar:/Users/cesarschutz/.m2/repository/io/netty/netty-codec-http/4.1.107.Final/netty-codec-http-4.1.107.Final.jar:/Users/cesarschutz/.m2/repository/io/netty/netty-common/4.1.107.Final/netty-common-4.1.107.Final.jar:/Users/cesarschutz/.m2/repository/io/netty/netty-buffer/4.1.107.Final/netty-buffer-4.1.107.Final.jar:/Users/cesarschutz/.m2/repository/io/netty/netty-transport/4.1.107.Final/netty-transport-4.1.107.Final.jar:/Users/cesarschutz/.m2/repository/io/netty/netty-codec/4.1.107.Final/netty-codec-4.1.107.Final.jar:/Users/cesarschutz/.m2/repository/io/netty/netty-handler/4.1.107.Final/netty-handler-4.1.107.Final.jar:/Users/cesarschutz/.m2/repository/io/netty/netty-codec-http2/4.1.107.Final/netty-codec-http2-4.1.107.Final.jar:/Users/cesarschutz/.m2/repository/io/netty/netty-resolver-dns/4.1.107.Final/netty-resolver-dns-4.1.107.Final.jar:/Users/cesarschutz/.m2/repository/io/netty/netty-resolver/4.1.107.Final/netty-resolver-4.1.107.Final.jar:/Users/cesarschutz/.m2/repository/io/netty/netty-codec-dns/4.1.107.Final/netty-codec-dns-4.1.107.Final.jar:/Users/cesarschutz/.m2/repository/io/netty/netty-resolver-dns-native-macos/4.1.107.Final/netty-resolver-dns-native-macos-4.1.107.Final-osx-x86_64.jar:/Users/cesarschutz/.m2/repository/io/netty/netty-resolver-dns-classes-macos/4.1.107.Final/netty-resolver-dns-classes-macos-4.1.107.Final.jar:/Users/cesarschutz/.m2/repository/io/netty/netty-transport-native-epoll/4.1.107.Final/netty-transport-native-epoll-4.1.107.Final-linux-x86_64.jar:/Users/cesarschutz/.m2/repository/io/netty/netty-transport-native-unix-common/4.1.107.Final/netty-transport-native-unix-common-4.1.107.Final.jar:/Users/cesarschutz/.m2/repository/io/netty/netty-transport-classes-epoll/4.1.107.Final/netty-transport-classes-epoll-4.1.107.Final.jar:/Users/cesarschutz/.m2/repository/io/projectreactor/netty/reactor-netty-core/1.1.16/reactor-netty-core-1.1.16.jar:/Users/cesarschutz/.m2/repository/io/netty/netty-handler-proxy/4.1.107.Final/netty-handler-proxy-4.1.107.Final.jar:/Users/cesarschutz/.m2/repository/io/netty/netty-codec-socks/4.1.107.Final/netty-codec-socks-4.1.107.Final.jar:/Users/cesarschutz/.m2/repository/io/projectreactor/reactor-core/3.6.3/reactor-core-3.6.3.jar:/Users/cesarschutz/.m2/repository/org/reactivestreams/reactive-streams/1.0.4/reactive-streams-1.0.4.jar:/Users/cesarschutz/.m2/repository/com/squareup/okhttp3/mockwebserver/4.9.0/mockwebserver-4.9.0.jar:/Users/cesarschutz/.m2/repository/com/squareup/okhttp3/okhttp/4.12.0/okhttp-4.12.0.jar:/Users/cesarschutz/.m2/repository/com/squareup/okio/okio/3.6.0/okio-3.6.0.jar:/Users/cesarschutz/.m2/repository/com/squareup/okio/okio-jvm/3.6.0/okio-jvm-3.6.0.jar:/Users/cesarschutz/.m2/repository/org/jetbrains/kotlin/kotlin-stdlib-common/1.9.22/kotlin-stdlib-common-1.9.22.jar:/Users/cesarschutz/.m2/repository/junit/junit/4.13.2/junit-4.13.2.jar:/Users/cesarschutz/.m2/repository/org/hamcrest/hamcrest-core/2.2/hamcrest-core-2.2.jar:/Users/cesarschutz/.m2/repository/org/jetbrains/kotlin/kotlin-stdlib-jdk8/1.9.22/kotlin-stdlib-jdk8-1.9.22.jar:/Users/cesarschutz/.m2/repository/org/jetbrains/kotlin/kotlin-stdlib/1.9.22/kotlin-stdlib-1.9.22.jar:/Users/cesarschutz/.m2/repository/org/jetbrains/annotations/13.0/annotations-13.0.jar:/Users/cesarschutz/.m2/repository/org/jetbrains/kotlin/kotlin-stdlib-jdk7/1.9.22/kotlin-stdlib-jdk7-1.9.22.jar:"/>
    <property name="java.vm.vendor" value="Eclipse Adoptium"/>
    <property name="sun.arch.data.model" value="64"/>
    <property name="java.vendor.url" value="https://adoptium.net/"/>
    <property name="user.timezone" value="America/Sao_Paulo"/>
    <property name="org.jboss.logging.provider" value="slf4j"/>
    <property name="os.name" value="Mac OS X"/>
    <property name="java.vm.specification.version" value="21"/>
    <property name="sun.java.launcher" value="SUN_STANDARD"/>
    <property name="user.country" value="BR"/>
    <property name="sun.boot.library.path" value="/Library/Java/JavaVirtualMachines/temurin-21.jdk/Contents/Home/lib"/>
    <property name="sun.java.command" value="/Users/cesarschutz/Downloads/novooo/swagger-agent/target/surefire/surefirebooter-20250619211539605_3.jar /Users/cesarschutz/Downloads/novooo/swagger-agent/target/surefire 2025-06-19T21-15-39_567-jvmRun1 surefire-20250619211539605_1tmp surefire_0-20250619211539605_2tmp"/>
    <property name="http.nonProxyHosts" value="local|*.local|169.254/16|*.169.254/16"/>
    <property name="jdk.debug" value="release"/>
    <property name="surefire.test.class.path" value="/Users/cesarschutz/Downloads/novooo/swagger-agent/target/test-classes:/Users/cesarschutz/Downloads/novooo/swagger-agent/target/classes:/Users/cesarschutz/.m2/repository/org/springframework/boot/spring-boot-starter-web/3.2.3/spring-boot-starter-web-3.2.3.jar:/Users/cesarschutz/.m2/repository/org/springframework/boot/spring-boot-starter/3.2.3/spring-boot-starter-3.2.3.jar:/Users/cesarschutz/.m2/repository/org/springframework/boot/spring-boot/3.2.3/spring-boot-3.2.3.jar:/Users/cesarschutz/.m2/repository/org/springframework/boot/spring-boot-autoconfigure/3.2.3/spring-boot-autoconfigure-3.2.3.jar:/Users/cesarschutz/.m2/repository/org/springframework/boot/spring-boot-starter-logging/3.2.3/spring-boot-starter-logging-3.2.3.jar:/Users/cesarschutz/.m2/repository/ch/qos/logback/logback-classic/1.4.14/logback-classic-1.4.14.jar:/Users/cesarschutz/.m2/repository/ch/qos/logback/logback-core/1.4.14/logback-core-1.4.14.jar:/Users/cesarschutz/.m2/repository/org/apache/logging/log4j/log4j-to-slf4j/2.21.1/log4j-to-slf4j-2.21.1.jar:/Users/cesarschutz/.m2/repository/org/apache/logging/log4j/log4j-api/2.21.1/log4j-api-2.21.1.jar:/Users/cesarschutz/.m2/repository/org/slf4j/jul-to-slf4j/2.0.12/jul-to-slf4j-2.0.12.jar:/Users/cesarschutz/.m2/repository/jakarta/annotation/jakarta.annotation-api/2.1.1/jakarta.annotation-api-2.1.1.jar:/Users/cesarschutz/.m2/repository/org/springframework/boot/spring-boot-starter-json/3.2.3/spring-boot-starter-json-3.2.3.jar:/Users/cesarschutz/.m2/repository/com/fasterxml/jackson/core/jackson-databind/2.15.4/jackson-databind-2.15.4.jar:/Users/cesarschutz/.m2/repository/com/fasterxml/jackson/core/jackson-core/2.15.4/jackson-core-2.15.4.jar:/Users/cesarschutz/.m2/repository/com/fasterxml/jackson/datatype/jackson-datatype-jdk8/2.15.4/jackson-datatype-jdk8-2.15.4.jar:/Users/cesarschutz/.m2/repository/com/fasterxml/jackson/datatype/jackson-datatype-jsr310/2.15.4/jackson-datatype-jsr310-2.15.4.jar:/Users/cesarschutz/.m2/repository/com/fasterxml/jackson/module/jackson-module-parameter-names/2.15.4/jackson-module-parameter-names-2.15.4.jar:/Users/cesarschutz/.m2/repository/org/springframework/boot/spring-boot-starter-tomcat/3.2.3/spring-boot-starter-tomcat-3.2.3.jar:/Users/cesarschutz/.m2/repository/org/apache/tomcat/embed/tomcat-embed-core/10.1.19/tomcat-embed-core-10.1.19.jar:/Users/cesarschutz/.m2/repository/org/apache/tomcat/embed/tomcat-embed-websocket/10.1.19/tomcat-embed-websocket-10.1.19.jar:/Users/cesarschutz/.m2/repository/org/springframework/spring-web/6.1.4/spring-web-6.1.4.jar:/Users/cesarschutz/.m2/repository/org/springframework/spring-beans/6.1.4/spring-beans-6.1.4.jar:/Users/cesarschutz/.m2/repository/io/micrometer/micrometer-observation/1.12.3/micrometer-observation-1.12.3.jar:/Users/cesarschutz/.m2/repository/io/micrometer/micrometer-commons/1.12.3/micrometer-commons-1.12.3.jar:/Users/cesarschutz/.m2/repository/org/springframework/spring-webmvc/6.1.4/spring-webmvc-6.1.4.jar:/Users/cesarschutz/.m2/repository/org/springframework/spring-aop/6.1.4/spring-aop-6.1.4.jar:/Users/cesarschutz/.m2/repository/org/springframework/spring-context/6.1.4/spring-context-6.1.4.jar:/Users/cesarschutz/.m2/repository/org/springframework/spring-expression/6.1.4/spring-expression-6.1.4.jar:/Users/cesarschutz/.m2/repository/org/springframework/ai/spring-ai-openai-spring-boot-starter/1.0.0-M4/spring-ai-openai-spring-boot-starter-1.0.0-M4.jar:/Users/cesarschutz/.m2/repository/org/springframework/ai/spring-ai-spring-boot-autoconfigure/1.0.0-M4/spring-ai-spring-boot-autoconfigure-1.0.0-M4.jar:/Users/cesarschutz/.m2/repository/org/springframework/ai/spring-ai-openai/1.0.0-M4/spring-ai-openai-1.0.0-M4.jar:/Users/cesarschutz/.m2/repository/org/springframework/ai/spring-ai-core/1.0.0-M4/spring-ai-core-1.0.0-M4.jar:/Users/cesarschutz/.m2/repository/com/fasterxml/jackson/module/jackson-module-jsonSchema/2.15.4/jackson-module-jsonSchema-2.15.4.jar:/Users/cesarschutz/.m2/repository/javax/validation/validation-api/1.1.0.Final/validation-api-1.1.0.Final.jar:/Users/cesarschutz/.m2/repository/io/swagger/core/v3/swagger-annotations/2.2.20/swagger-annotations-2.2.20.jar:/Users/cesarschutz/.m2/repository/com/github/victools/jsonschema-module-swagger-2/4.35.0/jsonschema-module-swagger-2-4.35.0.jar:/Users/cesarschutz/.m2/repository/org/antlr/ST4/4.3.4/ST4-4.3.4.jar:/Users/cesarschutz/.m2/repository/org/antlr/antlr-runtime/3.5.3/antlr-runtime-3.5.3.jar:/Users/cesarschutz/.m2/repository/org/antlr/antlr4-runtime/4.13.1/antlr4-runtime-4.13.1.jar:/Users/cesarschutz/.m2/repository/org/springframework/spring-messaging/6.1.4/spring-messaging-6.1.4.jar:/Users/cesarschutz/.m2/repository/io/micrometer/micrometer-core/1.12.3/micrometer-core-1.12.3.jar:/Users/cesarschutz/.m2/repository/org/hdrhistogram/HdrHistogram/2.1.12/HdrHistogram-2.1.12.jar:/Users/cesarschutz/.m2/repository/org/latencyutils/LatencyUtils/2.0.3/LatencyUtils-2.0.3.jar:/Users/cesarschutz/.m2/repository/io/micrometer/context-propagation/1.1.1/context-propagation-1.1.1.jar:/Users/cesarschutz/.m2/repository/com/knuddels/jtokkit/1.1.0/jtokkit-1.1.0.jar:/Users/cesarschutz/.m2/repository/org/springframework/ai/spring-ai-retry/1.0.0-M4/spring-ai-retry-1.0.0-M4.jar:/Users/cesarschutz/.m2/repository/org/springframework/retry/spring-retry/2.0.5/spring-retry-2.0.5.jar:/Users/cesarschutz/.m2/repository/org/springframework/spring-webflux/6.1.4/spring-webflux-6.1.4.jar:/Users/cesarschutz/.m2/repository/io/rest-assured/json-path/5.3.2/json-path-5.3.2.jar:/Users/cesarschutz/.m2/repository/org/apache/groovy/groovy-json/4.0.18/groovy-json-4.0.18.jar:/Users/cesarschutz/.m2/repository/org/apache/groovy/groovy/4.0.18/groovy-4.0.18.jar:/Users/cesarschutz/.m2/repository/io/rest-assured/rest-assured-common/5.3.2/rest-assured-common-5.3.2.jar:/Users/cesarschutz/.m2/repository/com/github/victools/jsonschema-generator/4.31.1/jsonschema-generator-4.31.1.jar:/Users/cesarschutz/.m2/repository/com/github/victools/jsonschema-module-jackson/4.31.1/jsonschema-module-jackson-4.31.1.jar:/Users/cesarschutz/.m2/repository/org/springframework/spring-context-support/6.1.4/spring-context-support-6.1.4.jar:/Users/cesarschutz/.m2/repository/org/springframework/boot/spring-boot-starter-test/3.2.3/spring-boot-starter-test-3.2.3.jar:/Users/cesarschutz/.m2/repository/org/springframework/boot/spring-boot-test/3.2.3/spring-boot-test-3.2.3.jar:/Users/cesarschutz/.m2/repository/org/springframework/boot/spring-boot-test-autoconfigure/3.2.3/spring-boot-test-autoconfigure-3.2.3.jar:/Users/cesarschutz/.m2/repository/com/jayway/jsonpath/json-path/2.9.0/json-path-2.9.0.jar:/Users/cesarschutz/.m2/repository/org/slf4j/slf4j-api/2.0.12/slf4j-api-2.0.12.jar:/Users/cesarschutz/.m2/repository/jakarta/xml/bind/jakarta.xml.bind-api/4.0.1/jakarta.xml.bind-api-4.0.1.jar:/Users/cesarschutz/.m2/repository/jakarta/activation/jakarta.activation-api/2.1.2/jakarta.activation-api-2.1.2.jar:/Users/cesarschutz/.m2/repository/net/minidev/json-smart/2.5.0/json-smart-2.5.0.jar:/Users/cesarschutz/.m2/repository/net/minidev/accessors-smart/2.5.0/accessors-smart-2.5.0.jar:/Users/cesarschutz/.m2/repository/org/ow2/asm/asm/9.3/asm-9.3.jar:/Users/cesarschutz/.m2/repository/org/assertj/assertj-core/3.24.2/assertj-core-3.24.2.jar:/Users/cesarschutz/.m2/repository/net/bytebuddy/byte-buddy/1.14.12/byte-buddy-1.14.12.jar:/Users/cesarschutz/.m2/repository/org/awaitility/awaitility/4.2.0/awaitility-4.2.0.jar:/Users/cesarschutz/.m2/repository/org/hamcrest/hamcrest/2.2/hamcrest-2.2.jar:/Users/cesarschutz/.m2/repository/org/junit/jupiter/junit-jupiter/5.10.2/junit-jupiter-5.10.2.jar:/Users/cesarschutz/.m2/repository/org/junit/jupiter/junit-jupiter-api/5.10.2/junit-jupiter-api-5.10.2.jar:/Users/cesarschutz/.m2/repository/org/opentest4j/opentest4j/1.3.0/opentest4j-1.3.0.jar:/Users/cesarschutz/.m2/repository/org/junit/platform/junit-platform-commons/1.10.2/junit-platform-commons-1.10.2.jar:/Users/cesarschutz/.m2/repository/org/apiguardian/apiguardian-api/1.1.2/apiguardian-api-1.1.2.jar:/Users/cesarschutz/.m2/repository/org/junit/jupiter/junit-jupiter-params/5.10.2/junit-jupiter-params-5.10.2.jar:/Users/cesarschutz/.m2/repository/org/junit/jupiter/junit-jupiter-engine/5.10.2/junit-jupiter-engine-5.10.2.jar:/Users/cesarschutz/.m2/repository/org/junit/platform/junit-platform-engine/1.10.2/junit-platform-engine-1.10.2.jar:/Users/cesarschutz/.m2/repository/org/mockito/mockito-core/5.7.0/mockito-core-5.7.0.jar:/Users/cesarschutz/.m2/repository/net/bytebuddy/byte-buddy-agent/1.14.12/byte-buddy-agent-1.14.12.jar:/Users/cesarschutz/.m2/repository/org/objenesis/objenesis/3.3/objenesis-3.3.jar:/Users/cesarschutz/.m2/repository/org/mockito/mockito-junit-jupiter/5.7.0/mockito-junit-jupiter-5.7.0.jar:/Users/cesarschutz/.m2/repository/org/skyscreamer/jsonassert/1.5.1/jsonassert-1.5.1.jar:/Users/cesarschutz/.m2/repository/com/vaadin/external/google/android-json/0.0.20131108.vaadin1/android-json-0.0.20131108.vaadin1.jar:/Users/cesarschutz/.m2/repository/org/springframework/spring-core/6.1.4/spring-core-6.1.4.jar:/Users/cesarschutz/.m2/repository/org/springframework/spring-jcl/6.1.4/spring-jcl-6.1.4.jar:/Users/cesarschutz/.m2/repository/org/springframework/spring-test/6.1.4/spring-test-6.1.4.jar:/Users/cesarschutz/.m2/repository/org/xmlunit/xmlunit-core/2.9.1/xmlunit-core-2.9.1.jar:/Users/cesarschutz/.m2/repository/org/springframework/boot/spring-boot-starter-validation/3.2.3/spring-boot-starter-validation-3.2.3.jar:/Users/cesarschutz/.m2/repository/org/apache/tomcat/embed/tomcat-embed-el/10.1.19/tomcat-embed-el-10.1.19.jar:/Users/cesarschutz/.m2/repository/org/hibernate/validator/hibernate-validator/8.0.1.Final/hibernate-validator-8.0.1.Final.jar:/Users/cesarschutz/.m2/repository/org/jboss/logging/jboss-logging/3.5.3.Final/jboss-logging-3.5.3.Final.jar:/Users/cesarschutz/.m2/repository/com/fasterxml/classmate/1.6.0/classmate-1.6.0.jar:/Users/cesarschutz/.m2/repository/jakarta/validation/jakarta.validation-api/3.0.2/jakarta.validation-api-3.0.2.jar:/Users/cesarschutz/.m2/repository/io/swagger/parser/v3/swagger-parser/2.1.19/swagger-parser-2.1.19.jar:/Users/cesarschutz/.m2/repository/io/swagger/parser/v3/swagger-parser-v2-converter/2.1.19/swagger-parser-v2-converter-2.1.19.jar:/Users/cesarschutz/.m2/repository/io/swagger/swagger-core/1.6.12/swagger-core-1.6.12.jar:/Users/cesarschutz/.m2/repository/org/apache/commons/commons-lang3/3.13.0/commons-lang3-3.13.0.jar:/Users/cesarschutz/.m2/repository/io/swagger/swagger-models/1.6.12/swagger-models-1.6.12.jar:/Users/cesarschutz/.m2/repository/io/swagger/swagger-annotations/1.6.12/swagger-annotations-1.6.12.jar:/Users/cesarschutz/.m2/repository/com/google/guava/guava/32.1.3-android/guava-32.1.3-android.jar:/Users/cesarschutz/.m2/repository/com/google/guava/failureaccess/1.0.1/failureaccess-1.0.1.jar:/Users/cesarschutz/.m2/repository/com/google/guava/listenablefuture/9999.0-empty-to-avoid-conflict-with-guava/listenablefuture-9999.0-empty-to-avoid-conflict-with-guava.jar:/Users/cesarschutz/.m2/repository/com/google/code/findbugs/jsr305/3.0.2/jsr305-3.0.2.jar:/Users/cesarschutz/.m2/repository/org/checkerframework/checker-qual/3.37.0/checker-qual-3.37.0.jar:/Users/cesarschutz/.m2/repository/com/google/errorprone/error_prone_annotations/2.21.1/error_prone_annotations-2.21.1.jar:/Users/cesarschutz/.m2/repository/com/google/j2objc/j2objc-annotations/2.8/j2objc-annotations-2.8.jar:/Users/cesarschutz/.m2/repository/io/swagger/swagger-parser/1.0.68/swagger-parser-1.0.68.jar:/Users/cesarschutz/.m2/repository/io/swagger/swagger-compat-spec-parser/1.0.68/swagger-compat-spec-parser-1.0.68.jar:/Users/cesarschutz/.m2/repository/com/github/java-json-tools/json-schema-validator/2.2.14/json-schema-validator-2.2.14.jar:/Users/cesarschutz/.m2/repository/com/github/java-json-tools/jackson-coreutils-equivalence/1.0/jackson-coreutils-equivalence-1.0.jar:/Users/cesarschutz/.m2/repository/com/github/java-json-tools/json-schema-core/1.2.14/json-schema-core-1.2.14.jar:/Users/cesarschutz/.m2/repository/com/github/java-json-tools/uri-template/0.10/uri-template-0.10.jar:/Users/cesarschutz/.m2/repository/org/mozilla/rhino/1.7.7.2/rhino-1.7.7.2.jar:/Users/cesarschutz/.m2/repository/joda-time/joda-time/2.10.5/joda-time-2.10.5.jar:/Users/cesarschutz/.m2/repository/com/googlecode/libphonenumber/libphonenumber/8.11.1/libphonenumber-8.11.1.jar:/Users/cesarschutz/.m2/repository/net/sf/jopt-simple/jopt-simple/5.0.4/jopt-simple-5.0.4.jar:/Users/cesarschutz/.m2/repository/com/github/java-json-tools/json-patch/1.13/json-patch-1.13.jar:/Users/cesarschutz/.m2/repository/com/github/java-json-tools/msg-simple/1.2/msg-simple-1.2.jar:/Users/cesarschutz/.m2/repository/com/github/java-json-tools/btf/1.3/btf-1.3.jar:/Users/cesarschutz/.m2/repository/com/github/java-json-tools/jackson-coreutils/2.0/jackson-coreutils-2.0.jar:/Users/cesarschutz/.m2/repository/org/apache/httpcomponents/httpclient/4.5.14/httpclient-4.5.14.jar:/Users/cesarschutz/.m2/repository/org/apache/httpcomponents/httpcore/4.4.16/httpcore-4.4.16.jar:/Users/cesarschutz/.m2/repository/commons-logging/commons-logging/1.2/commons-logging-1.2.jar:/Users/cesarschutz/.m2/repository/commons-codec/commons-codec/1.16.1/commons-codec-1.16.1.jar:/Users/cesarschutz/.m2/repository/io/swagger/core/v3/swagger-models/2.2.19/swagger-models-2.2.19.jar:/Users/cesarschutz/.m2/repository/io/swagger/parser/v3/swagger-parser-core/2.1.19/swagger-parser-core-2.1.19.jar:/Users/cesarschutz/.m2/repository/io/swagger/parser/v3/swagger-parser-v3/2.1.19/swagger-parser-v3-2.1.19.jar:/Users/cesarschutz/.m2/repository/io/swagger/core/v3/swagger-core/2.2.19/swagger-core-2.2.19.jar:/Users/cesarschutz/.m2/repository/io/swagger/parser/v3/swagger-parser-safe-url-resolver/2.1.19/swagger-parser-safe-url-resolver-2.1.19.jar:/Users/cesarschutz/.m2/repository/com/fasterxml/jackson/core/jackson-annotations/2.15.4/jackson-annotations-2.15.4.jar:/Users/cesarschutz/.m2/repository/com/fasterxml/jackson/dataformat/jackson-dataformat-yaml/2.15.4/jackson-dataformat-yaml-2.15.4.jar:/Users/cesarschutz/.m2/repository/org/yaml/snakeyaml/2.2/snakeyaml-2.2.jar:/Users/cesarschutz/.m2/repository/commons-io/commons-io/2.15.0/commons-io-2.15.0.jar:/Users/cesarschutz/.m2/repository/io/projectreactor/netty/reactor-netty-http/1.1.16/reactor-netty-http-1.1.16.jar:/Users/cesarschutz/.m2/repository/io/netty/netty-codec-http/4.1.107.Final/netty-codec-http-4.1.107.Final.jar:/Users/cesarschutz/.m2/repository/io/netty/netty-common/4.1.107.Final/netty-common-4.1.107.Final.jar:/Users/cesarschutz/.m2/repository/io/netty/netty-buffer/4.1.107.Final/netty-buffer-4.1.107.Final.jar:/Users/cesarschutz/.m2/repository/io/netty/netty-transport/4.1.107.Final/netty-transport-4.1.107.Final.jar:/Users/cesarschutz/.m2/repository/io/netty/netty-codec/4.1.107.Final/netty-codec-4.1.107.Final.jar:/Users/cesarschutz/.m2/repository/io/netty/netty-handler/4.1.107.Final/netty-handler-4.1.107.Final.jar:/Users/cesarschutz/.m2/repository/io/netty/netty-codec-http2/4.1.107.Final/netty-codec-http2-4.1.107.Final.jar:/Users/cesarschutz/.m2/repository/io/netty/netty-resolver-dns/4.1.107.Final/netty-resolver-dns-4.1.107.Final.jar:/Users/cesarschutz/.m2/repository/io/netty/netty-resolver/4.1.107.Final/netty-resolver-4.1.107.Final.jar:/Users/cesarschutz/.m2/repository/io/netty/netty-codec-dns/4.1.107.Final/netty-codec-dns-4.1.107.Final.jar:/Users/cesarschutz/.m2/repository/io/netty/netty-resolver-dns-native-macos/4.1.107.Final/netty-resolver-dns-native-macos-4.1.107.Final-osx-x86_64.jar:/Users/cesarschutz/.m2/repository/io/netty/netty-resolver-dns-classes-macos/4.1.107.Final/netty-resolver-dns-classes-macos-4.1.107.Final.jar:/Users/cesarschutz/.m2/repository/io/netty/netty-transport-native-epoll/4.1.107.Final/netty-transport-native-epoll-4.1.107.Final-linux-x86_64.jar:/Users/cesarschutz/.m2/repository/io/netty/netty-transport-native-unix-common/4.1.107.Final/netty-transport-native-unix-common-4.1.107.Final.jar:/Users/cesarschutz/.m2/repository/io/netty/netty-transport-classes-epoll/4.1.107.Final/netty-transport-classes-epoll-4.1.107.Final.jar:/Users/cesarschutz/.m2/repository/io/projectreactor/netty/reactor-netty-core/1.1.16/reactor-netty-core-1.1.16.jar:/Users/cesarschutz/.m2/repository/io/netty/netty-handler-proxy/4.1.107.Final/netty-handler-proxy-4.1.107.Final.jar:/Users/cesarschutz/.m2/repository/io/netty/netty-codec-socks/4.1.107.Final/netty-codec-socks-4.1.107.Final.jar:/Users/cesarschutz/.m2/repository/io/projectreactor/reactor-core/3.6.3/reactor-core-3.6.3.jar:/Users/cesarschutz/.m2/repository/org/reactivestreams/reactive-streams/1.0.4/reactive-streams-1.0.4.jar:/Users/cesarschutz/.m2/repository/com/squareup/okhttp3/mockwebserver/4.9.0/mockwebserver-4.9.0.jar:/Users/cesarschutz/.m2/repository/com/squareup/okhttp3/okhttp/4.12.0/okhttp-4.12.0.jar:/Users/cesarschutz/.m2/repository/com/squareup/okio/okio/3.6.0/okio-3.6.0.jar:/Users/cesarschutz/.m2/repository/com/squareup/okio/okio-jvm/3.6.0/okio-jvm-3.6.0.jar:/Users/cesarschutz/.m2/repository/org/jetbrains/kotlin/kotlin-stdlib-common/1.9.22/kotlin-stdlib-common-1.9.22.jar:/Users/cesarschutz/.m2/repository/junit/junit/4.13.2/junit-4.13.2.jar:/Users/cesarschutz/.m2/repository/org/hamcrest/hamcrest-core/2.2/hamcrest-core-2.2.jar:/Users/cesarschutz/.m2/repository/org/jetbrains/kotlin/kotlin-stdlib-jdk8/1.9.22/kotlin-stdlib-jdk8-1.9.22.jar:/Users/cesarschutz/.m2/repository/org/jetbrains/kotlin/kotlin-stdlib/1.9.22/kotlin-stdlib-1.9.22.jar:/Users/cesarschutz/.m2/repository/org/jetbrains/annotations/13.0/annotations-13.0.jar:/Users/cesarschutz/.m2/repository/org/jetbrains/kotlin/kotlin-stdlib-jdk7/1.9.22/kotlin-stdlib-jdk7-1.9.22.jar:"/>
    <property name="sun.cpu.endian" value="little"/>
    <property name="user.home" value="/Users/cesarschutz"/>
    <property name="user.language" value="pt"/>
    <property name="java.specification.vendor" value="Oracle Corporation"/>
    <property name="java.version.date" value="2025-04-15"/>
    <property name="java.home" value="/Library/Java/JavaVirtualMachines/temurin-21.jdk/Contents/Home"/>
    <property name="file.separator" value="/"/>
    <property name="basedir" value="/Users/cesarschutz/Downloads/novooo/swagger-agent"/>
    <property name="java.vm.compressedOopsMode" value="Zero based"/>
    <property name="line.separator" value="&#10;"/>
    <property name="java.vm.specification.vendor" value="Oracle Corporation"/>
    <property name="java.specification.name" value="Java Platform API Specification"/>
    <property name="FILE_LOG_CHARSET" value="UTF-8"/>
    <property name="java.awt.headless" value="true"/>
    <property name="apple.awt.application.name" value="ForkedBooter"/>
    <property name="surefire.real.class.path" value="/Users/cesarschutz/Downloads/novooo/swagger-agent/target/surefire/surefirebooter-20250619211539605_3.jar"/>
    <property name="sun.management.compiler" value="HotSpot 64-Bit Tiered Compilers"/>
    <property name="ftp.nonProxyHosts" value="local|*.local|169.254/16|*.169.254/16"/>
    <property name="java.runtime.version" value="21.0.7+6-LTS"/>
    <property name="user.name" value="cesarschutz"/>
    <property name="stdout.encoding" value="UTF-8"/>
    <property name="path.separator" value=":"/>
    <property name="os.version" value="15.4.1"/>
    <property name="java.runtime.name" value="OpenJDK Runtime Environment"/>
    <property name="file.encoding" value="UTF-8"/>
    <property name="java.vm.name" value="OpenJDK 64-Bit Server VM"/>
    <property name="java.vendor.version" value="Temurin-21.0.7+6"/>
    <property name="localRepository" value="/Users/cesarschutz/.m2/repository"/>
    <property name="java.vendor.url.bug" value="https://github.com/adoptium/adoptium-support/issues"/>
    <property name="java.io.tmpdir" value="/var/folders/q3/vtpt10rd0xdcm8d710_1pcl00000gn/T/"/>
    <property name="java.version" value="21.0.7"/>
    <property name="user.dir" value="/Users/cesarschutz/Downloads/novooo/swagger-agent"/>
    <property name="os.arch" value="aarch64"/>
    <property name="java.vm.specification.name" value="Java Virtual Machine Specification"/>
    <property name="PID" value="8509"/>
    <property name="CONSOLE_LOG_CHARSET" value="UTF-8"/>
    <property name="native.encoding" value="UTF-8"/>
    <property name="java.library.path" value="/Users/cesarschutz/Library/Java/Extensions:/Library/Java/Extensions:/Network/Library/Java/Extensions:/System/Library/Java/Extensions:/usr/lib/java:."/>
    <property name="java.vm.info" value="mixed mode, sharing"/>
    <property name="stderr.encoding" value="UTF-8"/>
    <property name="java.vendor" value="Eclipse Adoptium"/>
    <property name="java.vm.version" value="21.0.7+6-LTS"/>
    <property name="sun.io.unicode.encoding" value="UnicodeBig"/>
    <property name="socksNonProxyHosts" value="local|*.local|169.254/16|*.169.254/16"/>
    <property name="java.class.version" value="65.0"/>
  </properties>
  <testcase name="chat_whenValidRequest_shouldReturnSuccess" classname="com.example.swaggeragent.controller.ChatControllerTest" time="0.11">
    <system-out><![CDATA[21:15:39.970 [main] INFO org.springframework.test.context.support.AnnotationConfigContextLoaderUtils -- Could not detect default configuration classes for test class [com.example.swaggeragent.controller.ChatControllerTest]: ChatControllerTest does not declare any static, non-private, non-final, nested classes annotated with @Configuration.
21:15:40.033 [main] INFO org.springframework.boot.test.context.SpringBootTestContextBootstrapper -- Found @SpringBootConfiguration com.example.swaggeragent.SwaggerAgentApplication for test class com.example.swaggeragent.controller.ChatControllerTest

  .   ____          _            __ _ _
 /\\ / ___'_ __ _ _(_)_ __  __ _ \ \ \ \
( ( )\___ | '_ | '_| | '_ \/ _` | \ \ \ \
 \\/  ___)| |_)| | | | | || (_| |  ) ) ) )
  '  |____| .__|_| |_|_| |_\__, | / / / /
 =========|_|==============|___/=/_/_/_/
 :: Spring Boot ::                (v3.2.3)

2025-06-19T21:15:40.226-03:00  INFO 8509 --- [           main] c.e.s.controller.ChatControllerTest      : Starting ChatControllerTest using Java 21.0.7 with PID 8509 (started by cesarschutz in /Users/cesarschutz/Downloads/novooo/swagger-agent)
2025-06-19T21:15:40.227-03:00  INFO 8509 --- [           main] c.e.s.controller.ChatControllerTest      : No active profile set, falling back to 1 default profile: "default"
2025-06-19T21:15:41.147-03:00  INFO 8509 --- [           main] o.s.b.a.w.s.WelcomePageHandlerMapping    : Adding welcome page: class path resource [static/index.html]
2025-06-19T21:15:41.326-03:00  INFO 8509 --- [           main] o.s.b.t.m.w.SpringBootMockServletContext : Initializing Spring TestDispatcherServlet ''
2025-06-19T21:15:41.326-03:00  INFO 8509 --- [           main] o.s.t.web.servlet.TestDispatcherServlet  : Initializing Servlet ''
2025-06-19T21:15:41.327-03:00  INFO 8509 --- [           main] o.s.t.web.servlet.TestDispatcherServlet  : Completed initialization in 1 ms
2025-06-19T21:15:41.380-03:00  INFO 8509 --- [           main] c.e.s.controller.ChatControllerTest      : Started ChatControllerTest in 1.314 seconds (process running for 1.732)
]]></system-out>
    <system-err><![CDATA[WARNING: A Java agent has been loaded dynamically (/Users/cesarschutz/.m2/repository/net/bytebuddy/byte-buddy-agent/1.14.12/byte-buddy-agent-1.14.12.jar)
WARNING: If a serviceability tool is in use, please run with -XX:+EnableDynamicAgentLoading to hide this warning
WARNING: If a serviceability tool is not in use, please run with -Djdk.instrument.traceUsage for more information
WARNING: Dynamic loading of agents will be disallowed by default in a future release
]]></system-err>
  </testcase>
  <testcase name="chat_whenInvalidRequest_shouldReturnBadRequest" classname="com.example.swaggeragent.controller.ChatControllerTest" time="0.013">
    <system-out><![CDATA[2025-06-19T21:15:41.508-03:00  WARN 8509 --- [           main] .w.s.m.s.DefaultHandlerExceptionResolver : Resolved [org.springframework.web.bind.MethodArgumentNotValidException: Validation failed for argument [0] in public com.example.swaggeragent.dto.ChatResponse com.example.swaggeragent.controller.ChatController.chat(com.example.swaggeragent.dto.ChatRequest): [Field error in object 'chatRequest' on field 'message': rejected value [null]; codes [NotBlank.chatRequest.message,NotBlank.message,NotBlank.java.lang.String,NotBlank]; arguments [org.springframework.context.support.DefaultMessageSourceResolvable: codes [chatRequest.message,message]; arguments []; default message [message]]; default message [A mensagem não pode estar em branco]] ]
]]></system-out>
  </testcase>
</testsuite>